<?xml version="1.0" encoding="UTF-8" standalone="no"?>
<testsuite failures="1" name="cucumber.runtime.formatter.JUnitFormatter" skipped="0" tests="5" time="33.807293">
<testcase classname="Login feature" name="negative Test Scenario" time="11.126094">
<system-out><![CDATA[Given usre is on loginpage..................................................passed
When user enters "capg" and "capg123".......................................passed
And user clicks on signin link..............................................passed
Then user is on Login page..................................................passed
]]></system-out>
</testcase>
<testcase classname="Login feature" name="negative Test Scenario 2" time="7.615403">
<system-out><![CDATA[Given usre is on loginpage..................................................passed
When user enters "admin" and "".............................................passed
And user clicks on signin link..............................................passed
Then user is on Login page..................................................passed
]]></system-out>
</testcase>
<testcase classname="Login feature" name="negative Test Scenario 3" time="6.801069">
<system-out><![CDATA[Given usre is on loginpage..................................................passed
When user enters "" and "admin@123".........................................passed
And user clicks on signin link..............................................passed
Then user is on Login page..................................................passed
]]></system-out>
</testcase>
<testcase classname="Login feature" name="negative Test Scenario 4" time="8.259684">
<system-out><![CDATA[Given usre is on loginpage..................................................passed
When user enters "admin" and "a@123"........................................passed
And user clicks on signin link..............................................passed
Then user is on Login page..................................................passed
]]></system-out>
</testcase>
<testcase classname="Login feature" name="Registration Scenario" time="0.005043">
<failure message="java.lang.NullPointerException&#13;&#10;&#9;at com.cg.stepdef.LoginStepDef.user_clicks_on_signin_link(LoginStepDef.java:31)&#13;&#10;&#9;at ✽.And user clicks on signin link(Login.feature:35)&#13;&#10;"><![CDATA[Given usre is on registrationpage...........................................passed
When user enters data.......................................................passed
And user clicks on signin link..............................................failed
Then user is on home page...................................................skipped

StackTrace:
java.lang.NullPointerException
	at com.cg.stepdef.LoginStepDef.user_clicks_on_signin_link(LoginStepDef.java:31)
	at ✽.And user clicks on signin link(Login.feature:35)
]]></failure>
</testcase>
</testsuite>
